build/app/outputs/mapping/devRelease/seeds.txt
com.example.hotel.MainActivity
com.example.hotel.MainActivity: MainActivity()
...
com.google.android.gms.measurement.AppMeasurement: java.util.List getConditionalUserProperties(java.lang.String,java.lang.String)
androidx.appcompat.widget.AppCompatCheckedTextView: android.view.ActionMode$Callback getCustomSelectionActionModeCallback()
com.pichillilorenzo.flutter_inappwebview.chrome_custom_tabs.CustomTabActivityHelper: void bindCustomTabsService(android.app.Activity)
io.flutter.embedding.engine.renderer.SurfaceTextureWrapper: void detachFromGLContext()
com.pichillilorenzo.flutter_inappwebview.chrome_custom_tabs.CustomTabActivityHelper: androidx.browser.customtabs.CustomTabsSession getSession()
org.chromium.support_lib_boundary.JsReplyProxyBoundaryInterface: void postMessage(java.lang.String)
com.pichillilorenzo.flutter_inappwebview.InAppWebViewMethodHandler$5: void onReceiveValue(java.lang.Object)
io.flutter.embedding.engine.FlutterJNI: void nativeUnregisterTexture(long,long)
com.dexterous.flutterlocalnotifications.FlutterLocalNotificationsPlugin: void initAndroidThreeTen(android.content.Context)
com.pichillilorenzo.flutter_inappwebview.types.UserContentController: java.lang.String generateCodeForDocumentStart()
androidx.window.layout.HardwareFoldingFeature: java.lang.String toString()
com.pichillilorenzo.flutter_inappwebview.types.WebMessagePort$3: void onReceiveValue(java.lang.Object)
androidx.appcompat.widget.SearchView$SearchAutoComplete: SearchView$SearchAutoComplete(android.content.Context,android.util.AttributeSet)
com.dexterous.flutterlocalnotifications.FlutterLocalNotificationsPlugin: void createNotificationChannel(io.flutter.plugin.common.MethodCall,io.flutter.plugin.common.MethodChannel$Result)
com.pichillilorenzo.flutter_inappwebview.in_app_webview.InAppWebViewClient: boolean shouldOverrideUrlLoading(android.webkit.WebView,android.webkit.WebResourceRequest)
androidx.swiperefreshlayout.widget.SwipeRefreshLayout: boolean canChildScrollUp()
com.pichillilorenzo.flutter_inappwebview.Util$PrivateKeyAndCertificates: Util$PrivateKeyAndCertificates(java.security.PrivateKey,java.security.cert.X509Certificate[])
io.flutter.embedding.android.FlutterView: io.flutter.plugin.common.BinaryMessenger getBinaryMessenger()
io.flutter.embedding.engine.FlutterJNI: void nativeSurfaceCreated(long,android.view.Surface)
com.pichillilorenzo.flutter_inappwebview.content_blocker.ContentBlockerHandler: com.pichillilorenzo.flutter_inappwebview.content_blocker.ContentBlockerTriggerResourceType getResourceTypeFromUrl(java.lang.String)
androidx.core.graphics.drawable.DrawableCompat$Api21Impl: void setHotspot(android.graphics.drawable.Drawable,float,float)
org.chromium.support_lib_boundary.WebSettingsBoundaryInterface: int getRequestedWithHeaderMode()
okhttp3.internal.http2.ErrorCode: okhttp3.internal.http2.ErrorCode valueOf(java.lang.String)
androidx.appcompat.widget.AppCompatImageView: void setSupportBackgroundTintMode(android.graphics.PorterDuff$Mode)
androidx.appcompat.widget.LinearLayoutCompat: int getDividerWidth()
com.pichillilorenzo.flutter_inappwebview.in_app_webview.InAppWebView: void destroy()
com.pichillilorenzo.flutter_inappwebview.in_app_webview.InAppWebView$3: InAppWebView$3(com.pichillilorenzo.flutter_inappwebview.in_app_webview.InAppWebView)
com.pichillilorenzo.flutter_inappwebview.in_app_webview.InAppWebView$15: InAppWebView$15(com.pichillilorenzo.flutter_inappwebview.in_app_webview.InAppWebView)
io.flutter.embedding.engine.FlutterJNI: void nativeMarkTextureFrameAvailable(long,long)
androidx.appcompat.widget.AppCompatTextView: void setBackgroundDrawable(android.graphics.drawable.Drawable)
androidx.vectordrawable.graphics.drawable.VectorDrawableCompat$VFullPath: float getTrimPathStart()
com.google.android.datatransport.runtime.backends.TransportBackendDiscovery: TransportBackendDiscovery()
androidx.appcompat.widget.ActionBarContextView: int getAnimatedVisibility()
kotlin.coroutines.jvm.internal.SuspendLambda: java.lang.String toString()