build/app/outputs/mapping/devRelease/mapping.txt
# compiler: R8
# compiler_version: 3.1.51
# min_api: 21
# pg_map_id: a1a6235
# common_typos_disable
# {"id":"com.android.tools.r8.mapping","version":"1.0"}
com.example.hotel.MainActivity -> com.example.hotel.MainActivity:
    void $r8$lambda$kpCyswCA0OvLTHj25y5bx1-Xjxw(io.flutter.plugin.common.MethodCall,io.flutter.plugin.common.MethodChannel$Result) -> K
      # {"id":"com.android.tools.r8.synthesized"}
    void handlerMethodChannel(io.flutter.embedding.engine.FlutterEngine) -> L
    void handlerMethodChannel$lambda-0(io.flutter.plugin.common.MethodCall,io.flutter.plugin.common.MethodChannel$Result) -> M
    void configureFlutterEngine(io.flutter.embedding.engine.FlutterEngine) -> y
...
org.threeten.bp.Instant$2 -> x6.e$b:
    int[] $SwitchMap$org$threeten$bp$temporal$ChronoUnit -> b
    int[] $SwitchMap$org$threeten$bp$temporal$ChronoField -> a
org.threeten.bp.LocalDate -> x6.f:
    int year -> n
    org.threeten.bp.temporal.TemporalQuery FROM -> s
    short month -> o
    short day -> p
    org.threeten.bp.LocalDate MIN -> q
    org.threeten.bp.LocalDate MAX -> r
    org.threeten.bp.chrono.ChronoLocalDate with(org.threeten.bp.temporal.TemporalAdjuster) -> A
    org.threeten.bp.chrono.ChronoLocalDate with(org.threeten.bp.temporal.TemporalField,long) -> C
    org.threeten.bp.LocalDateTime atTime(org.threeten.bp.LocalTime) -> D
    int compareTo0(org.threeten.bp.LocalDate) -> E
    org.threeten.bp.LocalDate create(int,org.threeten.bp.Month,int) -> G
    org.threeten.bp.LocalDate from(org.threeten.bp.temporal.TemporalAccessor) -> H
    int get0(org.threeten.bp.temporal.TemporalField) -> I
    org.threeten.bp.chrono.IsoChronology getChronology() -> J
    int getDayOfMonth() -> K
    org.threeten.bp.DayOfWeek getDayOfWeek() -> L
    int getDayOfYear() -> M
    org.threeten.bp.Month getMonth() -> N
    int getMonthValue() -> O
    long getProlepticMonth() -> P
    int getYear() -> Q
    boolean isLeapYear() -> R
    int lengthOfMonth() -> S
    int lengthOfYear() -> T
    org.threeten.bp.LocalDate minus(long,org.threeten.bp.temporal.TemporalUnit) -> U
    org.threeten.bp.LocalDate minusDays(long) -> V
    org.threeten.bp.LocalDate minusYears(long) -> W
    org.threeten.bp.LocalDate of(int,int,int) -> X
    org.threeten.bp.LocalDate of(int,org.threeten.bp.Month,int) -> Y
    org.threeten.bp.LocalDate ofEpochDay(long) -> Z
org.threeten.bp.LocalDate$1 -> x6.f$a:
    java.lang.Object queryFrom(org.threeten.bp.temporal.TemporalAccessor) -> a
    org.threeten.bp.LocalDate queryFrom(org.threeten.bp.temporal.TemporalAccessor) -> b
org.threeten.bp.LocalDate$2 -> x6.f$b:
    int[] $SwitchMap$org$threeten$bp$temporal$ChronoUnit -> b
    int[] $SwitchMap$org$threeten$bp$temporal$ChronoField -> a
org.threeten.bp.LocalDateTime -> x6.g:
    org.threeten.bp.LocalTime time -> o
    org.threeten.bp.temporal.TemporalQuery FROM -> r
    org.threeten.bp.LocalDate date -> n
    org.threeten.bp.LocalDateTime MIN -> p
    org.threeten.bp.LocalDateTime MAX -> q
    org.threeten.bp.chrono.ChronoLocalDate toLocalDate() -> A
    org.threeten.bp.LocalTime toLocalTime() -> C
    org.threeten.bp.chrono.ChronoLocalDateTime with(org.threeten.bp.temporal.TemporalAdjuster) -> D
    org.threeten.bp.chrono.ChronoLocalDateTime with(org.threeten.bp.temporal.TemporalField,long) -> E
    org.threeten.bp.OffsetDateTime atOffset(org.threeten.bp.ZoneOffset) -> G
    org.threeten.bp.ZonedDateTime atZone(org.threeten.bp.ZoneId) -> H
    int compareTo0(org.threeten.bp.LocalDateTime) -> I
    org.threeten.bp.LocalDateTime from(org.threeten.bp.temporal.TemporalAccessor) -> J
    int getDayOfMonth() -> K
    org.threeten.bp.DayOfWeek getDayOfWeek() -> L
    int getHour() -> M
    int getMinute() -> N
    int getMonthValue() -> O
    int getNano() -> P
    int getSecond() -> Q
    int getYear() -> R
    org.threeten.bp.LocalDateTime minus(long,org.threeten.bp.temporal.TemporalUnit) -> S
    org.threeten.bp.LocalDateTime of(int,int,int,int,int,int,int) -> T
    org.threeten.bp.LocalDateTime of(org.threeten.bp.LocalDate,org.threeten.bp.LocalTime) -> U
    org.threeten.bp.LocalDateTime ofEpochSecond(long,int,org.threeten.bp.ZoneOffset) -> V
org.threeten.bp.LocalDateTime$1 -> x6.g$a:
    java.lang.Object queryFrom(org.threeten.bp.temporal.TemporalAccessor) -> a
    org.threeten.bp.LocalDateTime queryFrom(org.threeten.bp.temporal.TemporalAccessor) -> b
org.threeten.bp.LocalDateTime$2 -> x6.g$b:
    int[] $SwitchMap$org$threeten$bp$temporal$ChronoUnit -> a